  function.cpp
d:\dev\c++\studentmanagementsystem\sms\SupportFunc.h(35): warning C4018: '<': signed/unsigned mismatch
function.cpp(14): warning C4101: 'error': unreferenced local variable
function.cpp(43): warning C4101: 'error': unreferenced local variable
function.cpp(78): warning C4101: 'error': unreferenced local variable
function.cpp(125): warning C4101: 'error': unreferenced local variable
function.cpp(165): warning C4101: 'error': unreferenced local variable
function.cpp(240): warning C4101: 'error': unreferenced local variable
function.cpp(266): warning C4101: 'error': unreferenced local variable
function.cpp(299): warning C4101: 'error': unreferenced local variable
function.cpp(290): warning C4101: 'select': unreferenced local variable
function.cpp(321): warning C4101: 'error': unreferenced local variable
function.cpp(346): warning C4101: 'error': unreferenced local variable
function.cpp(390): warning C4101: 'error': unreferenced local variable
function.cpp(435): warning C4101: 'error': unreferenced local variable
function.cpp(522): warning C4101: 'error': unreferenced local variable
function.cpp(545): warning C4101: 'error': unreferenced local variable
function.cpp(568): warning C4101: 'error': unreferenced local variable
  Generating code
  4 of 2219 functions ( 0.2%) were compiled, the rest were copied from previous compilation.
    0 functions were new in current compilation
    1 functions had inline decision re-evaluated but remain unchanged
  Finished generating code
  SMS.vcxproj -> D:\Dev\C++\StudentManagementSystem\Release\SMS.exe
